<?xml version="1.0" encoding="UTF-8"?>
<!-- Generated by org.testng.reporters.JUnitReportReporter -->
<testsuite hostname="DESKTOP-QNHJ5Q7" failures="0" tests="2" name="com.ibm.SampleMaven.AmazonTest" time="3.932" errors="0" timestamp="2022-07-11T00:38:46 PDT" skipped="0">
  <testcase classname="com.ibm.SampleMaven.AmazonTest" name="loginTest" time="2.113"/>
  <testcase classname="com.ibm.SampleMaven.AmazonTest" name="logout" time="1.819"/>
</testsuite> <!-- com.ibm.SampleMaven.AmazonTest -->
