<?xml version="1.0" encoding="UTF-8"?>
<!-- Generated by org.testng.reporters.JUnitReportReporter -->
<testsuite hostname="DESKTOP-QNHJ5Q7" failures="0" tests="1" name="com.ibm.SampleMaven.PaytmLogin" time="1.115" errors="0" timestamp="2022-07-14T00:21:14 PDT" skipped="0">
  <testcase classname="com.ibm.SampleMaven.PaytmLogin" name="Login" time="1.115"/>
</testsuite> <!-- com.ibm.SampleMaven.PaytmLogin -->
