<?xml version="1.0" encoding="UTF-8"?>
<!-- Generated by org.testng.reporters.JUnitReportReporter -->
<testsuite hostname="DESKTOP-QNHJ5Q7" failures="0" tests="2" name="com.ibm.SampleMaven.AmazonTest" time="3.952" errors="0" timestamp="2022-07-11T00:39:27 PDT" skipped="0">
  <testcase classname="com.ibm.SampleMaven.AmazonTest" name="loginTest" time="2.134"/>
  <testcase classname="com.ibm.SampleMaven.AmazonTest" name="logout" time="1.818"/>
</testsuite> <!-- com.ibm.SampleMaven.AmazonTest -->
